Arguments: 
  /Users/eddienaff/.nvm/versions/node/v11.9.0/bin/node /Users/eddienaff/.yarn/bin/yarn.js add -D @types/styled-system_css

PATH: 
  /Users/eddienaff/.yarn/bin:/Users/eddienaff/.config/yarn/global/node_modules/.bin:/Users/eddienaff/.nvm/versions/node/v11.9.0/bin:/usr/local/bin:/usr/local/sbin:/usr/bin:/bin:/usr/sbin:/sbin:/Applications/Postgres.app/Contents/Versions/latest/bin

Yarn version: 
  1.13.0

Node version: 
  11.9.0

Platform: 
  darwin x64

Trace: 
  Error: https://registry.yarnpkg.com/@types%2fstyled-system_css: Not found
      at Request.params.callback [as _callback] (/Users/eddienaff/.yarn/lib/cli.js:66255:18)
      at Request.self.callback (/Users/eddienaff/.yarn/lib/cli.js:129397:22)
      at Request.emit (events.js:197:13)
      at Request.<anonymous> (/Users/eddienaff/.yarn/lib/cli.js:130369:10)
      at Request.emit (events.js:197:13)
      at IncomingMessage.<anonymous> (/Users/eddienaff/.yarn/lib/cli.js:130291:12)
      at Object.onceWrapper (events.js:285:13)
      at IncomingMessage.emit (events.js:202:15)
      at endReadableNT (_stream_readable.js:1129:12)
      at processTicksAndRejections (internal/process/next_tick.js:76:17)

npm manifest: 
  {
    "name": "rebass-types-temp",
    "version": "1.0.0",
    "description": "temporary rebass 4.x typescript typings",
    "main": "index.js",
    "repository": "https://github.com/theednaffattack/rebass-types-temp",
    "author": "Eddie Naff",
    "license": "MIT",
    "private": false,
    "dependencies": {},
    "devDependencies": {}
  }

yarn manifest: 
  No manifest

Lockfile: 
  # THIS IS AN AUTOGENERATED FILE. DO NOT EDIT THIS FILE DIRECTLY.
  # yarn lockfile v1
